# JRE version: OpenJDK Runtime Environment Temurin-21.0.10+7 (21.0.10+7) (build 21.0.10+7-LTS)
# Java VM: OpenJDK 64-Bit Server VM Temurin-21.0.10+7 (21.0.10+7-LTS, mixed mode, sharing, tiered, compressed oops, compressed class ptrs, parallel gc, windows-amd64)
GC Precious Log:
 CardTable entry size: 512
 CPUs: 8 total, 8 available
 Memory: 16009M
 Large Page Support: Disabled
 NUMA Support: Disabled
 Compressed Oops: Enabled (32-bit)
 Alignments: Space 512K, Generation 512K, Heap 2M
 Heap Min Capacity: 100M
 Heap Initial Capacity: 100M
 Heap Max Capacity: 2G
 Pre-touch: Disabled
 Parallel Workers: 8
Heap:
 PSYoungGen      total 24064K, used 17006K [0x00000000d5580000, 0x00000000d6f80000, 0x0000000100000000)
  eden space 22016K, 69% used [0x00000000d5580000,0x00000000d6474d10,0x00000000d6b00000)
  from space 2048K, 82% used [0x00000000d6d00000,0x00000000d6ea6e98,0x00000000d6f00000)
  to   space 512K, 0% used [0x00000000d6f00000,0x00000000d6f00000,0x00000000d6f80000)
 ParOldGen       total 68608K, used 22527K [0x0000000080000000, 0x0000000084300000, 0x00000000d5580000)
  object space 68608K, 32% used [0x0000000080000000,0x00000000815ffd38,0x0000000084300000)
 Metaspace       used 45106K, committed 46208K, reserved 1114112K
  class space    used 4917K, committed 5376K, reserved 1048576K
GC Heap History (20 events):
Event: 8.948 GC heap before
{Heap before GC invocations=10 (full 1):
 PSYoungGen      total 25088K, used 24579K [0x00000000d5580000, 0x00000000d7400000, 0x0000000100000000)
  eden space 24064K, 100% used [0x00000000d5580000,0x00000000d6d00000,0x00000000d6d00000)
  from space 1024K, 50% used [0x00000000d7300000,0x00000000d7380c78,0x00000000d7400000)
  to   space 2048K, 0% used [0x00000000d7000000,0x00000000d7000000,0x00000000d7200000)
 ParOldGen       total 68608K, used 13257K [0x0000000080000000, 0x0000000084300000, 0x00000000d5580000)
  object space 68608K, 19% used [0x0000000080000000,0x0000000080cf24b8,0x0000000084300000)
 Metaspace       used 25628K, committed 26496K, reserved 1114112K
  class space    used 2518K, committed 2880K, reserved 1048576K
}
Event: 8.951 GC heap after
{Heap after GC invocations=10 (full 1):
 PSYoungGen      total 25600K, used 1553K [0x00000000d5580000, 0x00000000d7380000, 0x0000000100000000)
  eden space 23552K, 0% used [0x00000000d5580000,0x00000000d5580000,0x00000000d6c80000)
  from space 2048K, 75% used [0x00000000d7000000,0x00000000d71846f8,0x00000000d7200000)
  to   space 1536K, 0% used [0x00000000d7200000,0x00000000d7200000,0x00000000d7380000)
 ParOldGen       total 68608K, used 14046K [0x0000000080000000, 0x0000000084300000, 0x00000000d5580000)
  object space 68608K, 20% used [0x0000000080000000,0x0000000080db79c8,0x0000000084300000)
 Metaspace       used 25628K, committed 26496K, reserved 1114112K
  class space    used 2518K, committed 2880K, reserved 1048576K
}
Event: 9.572 GC heap before
{Heap before GC invocations=11 (full 1):
 PSYoungGen      total 25600K, used 25105K [0x00000000d5580000, 0x00000000d7380000, 0x0000000100000000)
  eden space 23552K, 100% used [0x00000000d5580000,0x00000000d6c80000,0x00000000d6c80000)
  from space 2048K, 75% used [0x00000000d7000000,0x00000000d71846f8,0x00000000d7200000)
  to   space 1536K, 0% used [0x00000000d7200000,0x00000000d7200000,0x00000000d7380000)
 ParOldGen       total 68608K, used 14046K [0x0000000080000000, 0x0000000084300000, 0x00000000d5580000)
  object space 68608K, 20% used [0x0000000080000000,0x0000000080db79c8,0x0000000084300000)
 Metaspace       used 27755K, committed 28736K, reserved 1114112K
  class space    used 2807K, committed 3200K, reserved 1048576K
}
Event: 9.574 GC heap after
{Heap after GC invocations=11 (full 1):
 PSYoungGen      total 24576K, used 1350K [0x00000000d5580000, 0x00000000d7380000, 0x0000000100000000)
  eden space 23040K, 0% used [0x00000000d5580000,0x00000000d5580000,0x00000000d6c00000)
  from space 1536K, 87% used [0x00000000d7200000,0x00000000d7351988,0x00000000d7380000)
  to   space 1536K, 0% used [0x00000000d7080000,0x00000000d7080000,0x00000000d7200000)
 ParOldGen       total 68608K, used 14955K [0x0000000080000000, 0x0000000084300000, 0x00000000d5580000)
  object space 68608K, 21% used [0x0000000080000000,0x0000000080e9aed8,0x0000000084300000)
 Metaspace       used 27755K, committed 28736K, reserved 1114112K
  class space    used 2807K, committed 3200K, reserved 1048576K
}
Event: 10.188 GC heap before
{Heap before GC invocations=12 (full 1):
 PSYoungGen      total 24576K, used 24390K [0x00000000d5580000, 0x00000000d7380000, 0x0000000100000000)
  eden space 23040K, 100% used [0x00000000d5580000,0x00000000d6c00000,0x00000000d6c00000)
  from space 1536K, 87% used [0x00000000d7200000,0x00000000d7351988,0x00000000d7380000)
  to   space 1536K, 0% used [0x00000000d7080000,0x00000000d7080000,0x00000000d7200000)
 ParOldGen       total 68608K, used 14970K [0x0000000080000000, 0x0000000084300000, 0x00000000d5580000)
  object space 68608K, 21% used [0x0000000080000000,0x0000000080e9eb90,0x0000000084300000)
 Metaspace       used 30444K, committed 31424K, reserved 1114112K
  class space    used 3114K, committed 3520K, reserved 1048576K
}
Event: 10.191 GC heap after
{Heap after GC invocations=12 (full 1):
 PSYoungGen      total 24576K, used 1066K [0x00000000d5580000, 0x00000000d7280000, 0x0000000100000000)
  eden space 23040K, 0% used [0x00000000d5580000,0x00000000d5580000,0x00000000d6c00000)
  from space 1536K, 69% used [0x00000000d7080000,0x00000000d718ab10,0x00000000d7200000)
  to   space 512K, 0% used [0x00000000d7200000,0x00000000d7200000,0x00000000d7280000)
 ParOldGen       total 68608K, used 16106K [0x0000000080000000, 0x0000000084300000, 0x00000000d5580000)
  object space 68608K, 23% used [0x0000000080000000,0x0000000080fbaa70,0x0000000084300000)
 Metaspace       used 30444K, committed 31424K, reserved 1114112K
  class space    used 3114K, committed 3520K, reserved 1048576K
}
Event: 10.883 GC heap before
{Heap before GC invocations=13 (full 1):
 PSYoungGen      total 24576K, used 24106K [0x00000000d5580000, 0x00000000d7280000, 0x0000000100000000)
  eden space 23040K, 100% used [0x00000000d5580000,0x00000000d6c00000,0x00000000d6c00000)
  from space 1536K, 69% used [0x00000000d7080000,0x00000000d718ab10,0x00000000d7200000)
  to   space 512K, 0% used [0x00000000d7200000,0x00000000d7200000,0x00000000d7280000)
 ParOldGen       total 68608K, used 16109K [0x0000000080000000, 0x0000000084300000, 0x00000000d5580000)
  object space 68608K, 23% used [0x0000000080000000,0x0000000080fbb4f0,0x0000000084300000)
 Metaspace       used 32821K, committed 33728K, reserved 1114112K
  class space    used 3399K, committed 3776K, reserved 1048576K
}
Event: 10.886 GC heap after
{Heap after GC invocations=13 (full 1):
 PSYoungGen      total 23040K, used 512K [0x00000000d5580000, 0x00000000d7280000, 0x0000000100000000)
  eden space 22528K, 0% used [0x00000000d5580000,0x00000000d5580000,0x00000000d6b80000)
  from space 512K, 100% used [0x00000000d7200000,0x00000000d7280000,0x00000000d7280000)
  to   space 2048K, 0% used [0x00000000d6e80000,0x00000000d6e80000,0x00000000d7080000)
 ParOldGen       total 68608K, used 17088K [0x0000000080000000, 0x0000000084300000, 0x00000000d5580000)
  object space 68608K, 24% used [0x0000000080000000,0x00000000810b0158,0x0000000084300000)
 Metaspace       used 32821K, committed 33728K, reserved 1114112K
  class space    used 3399K, committed 3776K, reserved 1048576K
}
Event: 11.267 GC heap before
{Heap before GC invocations=14 (full 1):
 PSYoungGen      total 23040K, used 19439K [0x00000000d5580000, 0x00000000d7280000, 0x0000000100000000)
  eden space 22528K, 84% used [0x00000000d5580000,0x00000000d67fbfb0,0x00000000d6b80000)
  from space 512K, 100% used [0x00000000d7200000,0x00000000d7280000,0x00000000d7280000)
  to   space 2048K, 0% used [0x00000000d6e80000,0x00000000d6e80000,0x00000000d7080000)
 ParOldGen       total 68608K, used 17088K [0x0000000080000000, 0x0000000084300000, 0x00000000d5580000)
  object space 68608K, 24% used [0x0000000080000000,0x00000000810b0158,0x0000000084300000)
 Metaspace       used 34790K, committed 35840K, reserved 1114112K
  class space    used 3666K, committed 4096K, reserved 1048576K
}
Event: 11.270 GC heap after
{Heap after GC invocations=14 (full 1):
 PSYoungGen      total 24576K, used 1641K [0x00000000d5580000, 0x00000000d7280000, 0x0000000100000000)
  eden space 22528K, 0% used [0x00000000d5580000,0x00000000d5580000,0x00000000d6b80000)
  from space 2048K, 80% used [0x00000000d6e80000,0x00000000d701a420,0x00000000d7080000)
  to   space 2048K, 0% used [0x00000000d7080000,0x00000000d7080000,0x00000000d7280000)
 ParOldGen       total 68608K, used 17558K [0x0000000080000000, 0x0000000084300000, 0x00000000d5580000)
  object space 68608K, 25% used [0x0000000080000000,0x0000000081125a30,0x0000000084300000)
 Metaspace       used 34790K, committed 35840K, reserved 1114112K
  class space    used 3666K, committed 4096K, reserved 1048576K
}
Event: 11.270 GC heap before
{Heap before GC invocations=15 (full 2):
 PSYoungGen      total 24576K, used 1641K [0x00000000d5580000, 0x00000000d7280000, 0x0000000100000000)
  eden space 22528K, 0% used [0x00000000d5580000,0x00000000d5580000,0x00000000d6b80000)
  from space 2048K, 80% used [0x00000000d6e80000,0x00000000d701a420,0x00000000d7080000)
  to   space 2048K, 0% used [0x00000000d7080000,0x00000000d7080000,0x00000000d7280000)
 ParOldGen       total 68608K, used 17558K [0x0000000080000000, 0x0000000084300000, 0x00000000d5580000)
  object space 68608K, 25% used [0x0000000080000000,0x0000000081125a30,0x0000000084300000)
 Metaspace       used 34790K, committed 35840K, reserved 1114112K
  class space    used 3666K, committed 4096K, reserved 1048576K
}
Event: 11.317 GC heap after
{Heap after GC invocations=15 (full 2):
 PSYoungGen      total 24576K, used 0K [0x00000000d5580000, 0x00000000d7280000, 0x0000000100000000)
  eden space 22528K, 0% used [0x00000000d5580000,0x00000000d5580000,0x00000000d6b80000)
  from space 2048K, 0% used [0x00000000d6e80000,0x00000000d6e80000,0x00000000d7080000)
  to   space 2048K, 0% used [0x00000000d7080000,0x00000000d7080000,0x00000000d7280000)
 ParOldGen       total 68608K, used 18239K [0x0000000080000000, 0x0000000084300000, 0x00000000d5580000)
  object space 68608K, 26% used [0x0000000080000000,0x00000000811cfc70,0x0000000084300000)
 Metaspace       used 34777K, committed 35840K, reserved 1114112K
  class space    used 3662K, committed 4096K, reserved 1048576K
}
Event: 11.848 GC heap before
{Heap before GC invocations=16 (full 2):
 PSYoungGen      total 24576K, used 22528K [0x00000000d5580000, 0x00000000d7280000, 0x0000000100000000)
  eden space 22528K, 100% used [0x00000000d5580000,0x00000000d6b80000,0x00000000d6b80000)
  from space 2048K, 0% used [0x00000000d6e80000,0x00000000d6e80000,0x00000000d7080000)
  to   space 2048K, 0% used [0x00000000d7080000,0x00000000d7080000,0x00000000d7280000)
 ParOldGen       total 68608K, used 18239K [0x0000000080000000, 0x0000000084300000, 0x00000000d5580000)
  object space 68608K, 26% used [0x0000000080000000,0x00000000811cfc70,0x0000000084300000)
 Metaspace       used 37384K, committed 38400K, reserved 1114112K
  class space    used 3984K, committed 4416K, reserved 1048576K
}
Event: 11.850 GC heap after
{Heap after GC invocations=16 (full 2):
 PSYoungGen      total 24064K, used 2032K [0x00000000d5580000, 0x00000000d7280000, 0x0000000100000000)
  eden space 22016K, 0% used [0x00000000d5580000,0x00000000d5580000,0x00000000d6b00000)
  from space 2048K, 99% used [0x00000000d7080000,0x00000000d727c010,0x00000000d7280000)
  to   space 2560K, 0% used [0x00000000d6d80000,0x00000000d6d80000,0x00000000d7000000)
 ParOldGen       total 68608K, used 18271K [0x0000000080000000, 0x0000000084300000, 0x00000000d5580000)
  object space 68608K, 26% used [0x0000000080000000,0x00000000811d7c70,0x0000000084300000)
 Metaspace       used 37384K, committed 38400K, reserved 1114112K
  class space    used 3984K, committed 4416K, reserved 1048576K
}
Event: 12.584 GC heap before
{Heap before GC invocations=17 (full 2):
 PSYoungGen      total 24064K, used 24048K [0x00000000d5580000, 0x00000000d7280000, 0x0000000100000000)
  eden space 22016K, 100% used [0x00000000d5580000,0x00000000d6b00000,0x00000000d6b00000)
  from space 2048K, 99% used [0x00000000d7080000,0x00000000d727c010,0x00000000d7280000)
  to   space 2560K, 0% used [0x00000000d6d80000,0x00000000d6d80000,0x00000000d7000000)
 ParOldGen       total 68608K, used 18271K [0x0000000080000000, 0x0000000084300000, 0x00000000d5580000)
  object space 68608K, 26% used [0x0000000080000000,0x00000000811d7c70,0x0000000084300000)
 Metaspace       used 39853K, committed 40896K, reserved 1114112K
  class space    used 4294K, committed 4736K, reserved 1048576K
}
Event: 12.589 GC heap after
{Heap after GC invocations=17 (full 2):
 PSYoungGen      total 23552K, used 1280K [0x00000000d5580000, 0x00000000d7100000, 0x0000000100000000)
  eden space 22016K, 0% used [0x00000000d5580000,0x00000000d5580000,0x00000000d6b00000)
  from space 1536K, 83% used [0x00000000d6d80000,0x00000000d6ec0000,0x00000000d6f00000)
  to   space 2048K, 0% used [0x00000000d6f00000,0x00000000d6f00000,0x00000000d7100000)
 ParOldGen       total 68608K, used 20130K [0x0000000080000000, 0x0000000084300000, 0x00000000d5580000)
  object space 68608K, 29% used [0x0000000080000000,0x00000000813a8b08,0x0000000084300000)
 Metaspace       used 39853K, committed 40896K, reserved 1114112K
  class space    used 4294K, committed 4736K, reserved 1048576K
}
Event: 13.746 GC heap before
{Heap before GC invocations=18 (full 2):
 PSYoungGen      total 23552K, used 23296K [0x00000000d5580000, 0x00000000d7100000, 0x0000000100000000)
  eden space 22016K, 100% used [0x00000000d5580000,0x00000000d6b00000,0x00000000d6b00000)
  from space 1536K, 83% used [0x00000000d6d80000,0x00000000d6ec0000,0x00000000d6f00000)
  to   space 2048K, 0% used [0x00000000d6f00000,0x00000000d6f00000,0x00000000d7100000)
 ParOldGen       total 68608K, used 20130K [0x0000000080000000, 0x0000000084300000, 0x00000000d5580000)
  object space 68608K, 29% used [0x0000000080000000,0x00000000813a8b08,0x0000000084300000)
 Metaspace       used 42282K, committed 43392K, reserved 1114112K
  class space    used 4624K, committed 5056K, reserved 1048576K
}
Event: 13.751 GC heap after
{Heap after GC invocations=18 (full 2):
 PSYoungGen      total 24064K, used 1553K [0x00000000d5580000, 0x00000000d7100000, 0x0000000100000000)
  eden space 22016K, 0% used [0x00000000d5580000,0x00000000d5580000,0x00000000d6b00000)
  from space 2048K, 75% used [0x00000000d6f00000,0x00000000d7084678,0x00000000d7100000)
  to   space 2048K, 0% used [0x00000000d6d00000,0x00000000d6d00000,0x00000000d6f00000)
 ParOldGen       total 68608K, used 21226K [0x0000000080000000, 0x0000000084300000, 0x00000000d5580000)
  object space 68608K, 30% used [0x0000000080000000,0x00000000814bab08,0x0000000084300000)
 Metaspace       used 42282K, committed 43392K, reserved 1114112K
  class space    used 4624K, committed 5056K, reserved 1048576K
}
Event: 45.186 GC heap before
{Heap before GC invocations=19 (full 2):
 PSYoungGen      total 24064K, used 23569K [0x00000000d5580000, 0x00000000d7100000, 0x0000000100000000)
  eden space 22016K, 100% used [0x00000000d5580000,0x00000000d6b00000,0x00000000d6b00000)
  from space 2048K, 75% used [0x00000000d6f00000,0x00000000d7084678,0x00000000d7100000)
  to   space 2048K, 0% used [0x00000000d6d00000,0x00000000d6d00000,0x00000000d6f00000)
 ParOldGen       total 68608K, used 21226K [0x0000000080000000, 0x0000000084300000, 0x00000000d5580000)
  object space 68608K, 30% used [0x0000000080000000,0x00000000814bab08,0x0000000084300000)
 Metaspace       used 44902K, committed 46016K, reserved 1114112K
  class space    used 4900K, committed 5376K, reserved 1048576K
}
Event: 45.188 GC heap after
{Heap after GC invocations=19 (full 2):
 PSYoungGen      total 24064K, used 1691K [0x00000000d5580000, 0x00000000d6f80000, 0x0000000100000000)
  eden space 22016K, 0% used [0x00000000d5580000,0x00000000d5580000,0x00000000d6b00000)
  from space 2048K, 82% used [0x00000000d6d00000,0x00000000d6ea6e98,0x00000000d6f00000)
  to   space 512K, 0% used [0x00000000d6f00000,0x00000000d6f00000,0x00000000d6f80000)
 ParOldGen       total 68608K, used 22527K [0x0000000080000000, 0x0000000084300000, 0x00000000d5580000)
  object space 68608K, 32% used [0x0000000080000000,0x00000000815ffd38,0x0000000084300000)
 Metaspace       used 44902K, committed 46016K, reserved 1114112K
  class space    used 4900K, committed 5376K, reserved 1048576K
}

