# JRE version: OpenJDK Runtime Environment Temurin-21.0.10+7 (21.0.10+7) (build 21.0.10+7-LTS)
# Java VM: OpenJDK 64-Bit Server VM Temurin-21.0.10+7 (21.0.10+7-LTS, mixed mode, sharing, tiered, compressed oops, compressed class ptrs, parallel gc, windows-amd64)
GC Precious Log:
 CardTable entry size: 512
 CPUs: 8 total, 8 available
 Memory: 16009M
 Large Page Support: Disabled
 NUMA Support: Disabled
 Compressed Oops: Enabled (32-bit)
 Alignments: Space 512K, Generation 512K, Heap 2M
 Heap Min Capacity: 100M
 Heap Initial Capacity: 100M
 Heap Max Capacity: 2G
 Pre-touch: Disabled
 Parallel Workers: 8
Heap:
 PSYoungGen      total 23040K, used 12505K [0x00000000d5580000, 0x00000000d7080000, 0x0000000100000000)
  eden space 22016K, 52% used [0x00000000d5580000,0x00000000d60b6428,0x00000000d6b00000)
  from space 1024K, 100% used [0x00000000d6f80000,0x00000000d7080000,0x00000000d7080000)
  to   space 2048K, 0% used [0x00000000d6c80000,0x00000000d6c80000,0x00000000d6e80000)
 ParOldGen       total 68608K, used 19749K [0x0000000080000000, 0x0000000084300000, 0x00000000d5580000)
  object space 68608K, 28% used [0x0000000080000000,0x0000000081349530,0x0000000084300000)
 Metaspace       used 40330K, committed 41408K, reserved 1114112K
  class space    used 4359K, committed 4800K, reserved 1048576K
GC Heap History (20 events):
Event: 6.211 GC heap before
{Heap before GC invocations=9 (full 1):
 PSYoungGen      total 27648K, used 3573K [0x00000000d5580000, 0x00000000d7800000, 0x0000000100000000)
  eden space 24064K, 0% used [0x00000000d5580000,0x00000000d5580000,0x00000000d6d00000)
  from space 3584K, 99% used [0x00000000d7480000,0x00000000d77fd6a8,0x00000000d7800000)
  to   space 5120K, 0% used [0x00000000d6e00000,0x00000000d6e00000,0x00000000d7300000)
 ParOldGen       total 68608K, used 11005K [0x0000000080000000, 0x0000000084300000, 0x00000000d5580000)
  object space 68608K, 16% used [0x0000000080000000,0x0000000080abf7e0,0x0000000084300000)
 Metaspace       used 20768K, committed 21504K, reserved 1114112K
  class space    used 2156K, committed 2432K, reserved 1048576K
}
Event: 6.247 GC heap after
{Heap after GC invocations=9 (full 1):
 PSYoungGen      total 27648K, used 0K [0x00000000d5580000, 0x00000000d7800000, 0x0000000100000000)
  eden space 24064K, 0% used [0x00000000d5580000,0x00000000d5580000,0x00000000d6d00000)
  from space 3584K, 0% used [0x00000000d7480000,0x00000000d7480000,0x00000000d7800000)
  to   space 5120K, 0% used [0x00000000d6e00000,0x00000000d6e00000,0x00000000d7300000)
 ParOldGen       total 68608K, used 13160K [0x0000000080000000, 0x0000000084300000, 0x00000000d5580000)
  object space 68608K, 19% used [0x0000000080000000,0x0000000080cda3c0,0x0000000084300000)
 Metaspace       used 20753K, committed 21504K, reserved 1114112K
  class space    used 2152K, committed 2432K, reserved 1048576K
}
Event: 6.532 GC heap before
{Heap before GC invocations=10 (full 1):
 PSYoungGen      total 27648K, used 24064K [0x00000000d5580000, 0x00000000d7800000, 0x0000000100000000)
  eden space 24064K, 100% used [0x00000000d5580000,0x00000000d6d00000,0x00000000d6d00000)
  from space 3584K, 0% used [0x00000000d7480000,0x00000000d7480000,0x00000000d7800000)
  to   space 5120K, 0% used [0x00000000d6e00000,0x00000000d6e00000,0x00000000d7300000)
 ParOldGen       total 68608K, used 13160K [0x0000000080000000, 0x0000000084300000, 0x00000000d5580000)
  object space 68608K, 19% used [0x0000000080000000,0x0000000080cda3c0,0x0000000084300000)
 Metaspace       used 24385K, committed 25152K, reserved 1114112K
  class space    used 2424K, committed 2752K, reserved 1048576K
}
Event: 6.534 GC heap after
{Heap after GC invocations=10 (full 1):
 PSYoungGen      total 28672K, used 374K [0x00000000d5580000, 0x00000000d7500000, 0x0000000100000000)
  eden space 23552K, 0% used [0x00000000d5580000,0x00000000d5580000,0x00000000d6c80000)
  from space 5120K, 7% used [0x00000000d6e00000,0x00000000d6e5d958,0x00000000d7300000)
  to   space 2048K, 0% used [0x00000000d7300000,0x00000000d7300000,0x00000000d7500000)
 ParOldGen       total 68608K, used 13160K [0x0000000080000000, 0x0000000084300000, 0x00000000d5580000)
  object space 68608K, 19% used [0x0000000080000000,0x0000000080cda3c0,0x0000000084300000)
 Metaspace       used 24385K, committed 25152K, reserved 1114112K
  class space    used 2424K, committed 2752K, reserved 1048576K
}
Event: 6.834 GC heap before
{Heap before GC invocations=11 (full 1):
 PSYoungGen      total 28672K, used 23926K [0x00000000d5580000, 0x00000000d7500000, 0x0000000100000000)
  eden space 23552K, 100% used [0x00000000d5580000,0x00000000d6c80000,0x00000000d6c80000)
  from space 5120K, 7% used [0x00000000d6e00000,0x00000000d6e5d958,0x00000000d7300000)
  to   space 2048K, 0% used [0x00000000d7300000,0x00000000d7300000,0x00000000d7500000)
 ParOldGen       total 68608K, used 13160K [0x0000000080000000, 0x0000000084300000, 0x00000000d5580000)
  object space 68608K, 19% used [0x0000000080000000,0x0000000080cda3c0,0x0000000084300000)
 Metaspace       used 25690K, committed 26432K, reserved 1114112K
  class space    used 2510K, committed 2816K, reserved 1048576K
}
Event: 6.837 GC heap after
{Heap after GC invocations=11 (full 1):
 PSYoungGen      total 25088K, used 1939K [0x00000000d5580000, 0x00000000d7500000, 0x0000000100000000)
  eden space 23040K, 0% used [0x00000000d5580000,0x00000000d5580000,0x00000000d6c00000)
  from space 2048K, 94% used [0x00000000d7300000,0x00000000d74e4e90,0x00000000d7500000)
  to   space 2560K, 0% used [0x00000000d7000000,0x00000000d7000000,0x00000000d7280000)
 ParOldGen       total 68608K, used 13950K [0x0000000080000000, 0x0000000084300000, 0x00000000d5580000)
  object space 68608K, 20% used [0x0000000080000000,0x0000000080d9f8d0,0x0000000084300000)
 Metaspace       used 25690K, committed 26432K, reserved 1114112K
  class space    used 2510K, committed 2816K, reserved 1048576K
}
Event: 10.363 GC heap before
{Heap before GC invocations=12 (full 1):
 PSYoungGen      total 25088K, used 24979K [0x00000000d5580000, 0x00000000d7500000, 0x0000000100000000)
  eden space 23040K, 100% used [0x00000000d5580000,0x00000000d6c00000,0x00000000d6c00000)
  from space 2048K, 94% used [0x00000000d7300000,0x00000000d74e4e90,0x00000000d7500000)
  to   space 2560K, 0% used [0x00000000d7000000,0x00000000d7000000,0x00000000d7280000)
 ParOldGen       total 68608K, used 13950K [0x0000000080000000, 0x0000000084300000, 0x00000000d5580000)
  object space 68608K, 20% used [0x0000000080000000,0x0000000080d9f8d0,0x0000000084300000)
 Metaspace       used 29397K, committed 30400K, reserved 1114112K
  class space    used 2945K, committed 3392K, reserved 1048576K
}
Event: 10.365 GC heap after
{Heap after GC invocations=12 (full 1):
 PSYoungGen      total 24064K, used 1133K [0x00000000d5580000, 0x00000000d7380000, 0x0000000100000000)
  eden space 22528K, 0% used [0x00000000d5580000,0x00000000d5580000,0x00000000d6b80000)
  from space 1536K, 73% used [0x00000000d7000000,0x00000000d711b460,0x00000000d7180000)
  to   space 1536K, 0% used [0x00000000d7200000,0x00000000d7200000,0x00000000d7380000)
 ParOldGen       total 68608K, used 15755K [0x0000000080000000, 0x0000000084300000, 0x00000000d5580000)
  object space 68608K, 22% used [0x0000000080000000,0x0000000080f62d90,0x0000000084300000)
 Metaspace       used 29397K, committed 30400K, reserved 1114112K
  class space    used 2945K, committed 3392K, reserved 1048576K
}
Event: 10.593 GC heap before
{Heap before GC invocations=13 (full 1):
 PSYoungGen      total 24064K, used 23661K [0x00000000d5580000, 0x00000000d7380000, 0x0000000100000000)
  eden space 22528K, 100% used [0x00000000d5580000,0x00000000d6b80000,0x00000000d6b80000)
  from space 1536K, 73% used [0x00000000d7000000,0x00000000d711b460,0x00000000d7180000)
  to   space 1536K, 0% used [0x00000000d7200000,0x00000000d7200000,0x00000000d7380000)
 ParOldGen       total 68608K, used 15755K [0x0000000080000000, 0x0000000084300000, 0x00000000d5580000)
  object space 68608K, 22% used [0x0000000080000000,0x0000000080f62d90,0x0000000084300000)
 Metaspace       used 32254K, committed 33280K, reserved 1114112K
  class space    used 3331K, committed 3776K, reserved 1048576K
}
Event: 10.595 GC heap after
{Heap after GC invocations=13 (full 1):
 PSYoungGen      total 23552K, used 1531K [0x00000000d5580000, 0x00000000d7380000, 0x0000000100000000)
  eden space 22016K, 0% used [0x00000000d5580000,0x00000000d5580000,0x00000000d6b00000)
  from space 1536K, 99% used [0x00000000d7200000,0x00000000d737ed88,0x00000000d7380000)
  to   space 3072K, 0% used [0x00000000d6d80000,0x00000000d6d80000,0x00000000d7080000)
 ParOldGen       total 68608K, used 16930K [0x0000000080000000, 0x0000000084300000, 0x00000000d5580000)
  object space 68608K, 24% used [0x0000000080000000,0x0000000081088a50,0x0000000084300000)
 Metaspace       used 32254K, committed 33280K, reserved 1114112K
  class space    used 3331K, committed 3776K, reserved 1048576K
}
Event: 10.743 GC heap before
{Heap before GC invocations=14 (full 1):
 PSYoungGen      total 23552K, used 23547K [0x00000000d5580000, 0x00000000d7380000, 0x0000000100000000)
  eden space 22016K, 100% used [0x00000000d5580000,0x00000000d6b00000,0x00000000d6b00000)
  from space 1536K, 99% used [0x00000000d7200000,0x00000000d737ed88,0x00000000d7380000)
  to   space 3072K, 0% used [0x00000000d6d80000,0x00000000d6d80000,0x00000000d7080000)
 ParOldGen       total 68608K, used 16930K [0x0000000080000000, 0x0000000084300000, 0x00000000d5580000)
  object space 68608K, 24% used [0x0000000080000000,0x0000000081088a50,0x0000000084300000)
 Metaspace       used 34219K, committed 35264K, reserved 1114112K
  class space    used 3577K, committed 4032K, reserved 1048576K
}
Event: 10.745 GC heap after
{Heap after GC invocations=14 (full 1):
 PSYoungGen      total 24064K, used 1808K [0x00000000d5580000, 0x00000000d7280000, 0x0000000100000000)
  eden space 22016K, 0% used [0x00000000d5580000,0x00000000d5580000,0x00000000d6b00000)
  from space 2048K, 88% used [0x00000000d6d80000,0x00000000d6f44010,0x00000000d6f80000)
  to   space 2560K, 0% used [0x00000000d7000000,0x00000000d7000000,0x00000000d7280000)
 ParOldGen       total 68608K, used 17887K [0x0000000080000000, 0x0000000084300000, 0x00000000d5580000)
  object space 68608K, 26% used [0x0000000080000000,0x0000000081177fa8,0x0000000084300000)
 Metaspace       used 34219K, committed 35264K, reserved 1114112K
  class space    used 3577K, committed 4032K, reserved 1048576K
}
Event: 10.816 GC heap before
{Heap before GC invocations=15 (full 1):
 PSYoungGen      total 24064K, used 7086K [0x00000000d5580000, 0x00000000d7280000, 0x0000000100000000)
  eden space 22016K, 23% used [0x00000000d5580000,0x00000000d5aa7b10,0x00000000d6b00000)
  from space 2048K, 88% used [0x00000000d6d80000,0x00000000d6f44010,0x00000000d6f80000)
  to   space 2560K, 0% used [0x00000000d7000000,0x00000000d7000000,0x00000000d7280000)
 ParOldGen       total 68608K, used 17887K [0x0000000080000000, 0x0000000084300000, 0x00000000d5580000)
  object space 68608K, 26% used [0x0000000080000000,0x0000000081177fa8,0x0000000084300000)
 Metaspace       used 34752K, committed 35840K, reserved 1114112K
  class space    used 3643K, committed 4160K, reserved 1048576K
}
Event: 10.817 GC heap after
{Heap after GC invocations=15 (full 1):
 PSYoungGen      total 22528K, used 384K [0x00000000d5580000, 0x00000000d7080000, 0x0000000100000000)
  eden space 22016K, 0% used [0x00000000d5580000,0x00000000d5580000,0x00000000d6b00000)
  from space 512K, 75% used [0x00000000d7000000,0x00000000d7060000,0x00000000d7080000)
  to   space 1024K, 0% used [0x00000000d6e80000,0x00000000d6e80000,0x00000000d6f80000)
 ParOldGen       total 68608K, used 19511K [0x0000000080000000, 0x0000000084300000, 0x00000000d5580000)
  object space 68608K, 28% used [0x0000000080000000,0x000000008130dfb8,0x0000000084300000)
 Metaspace       used 34752K, committed 35840K, reserved 1114112K
  class space    used 3643K, committed 4160K, reserved 1048576K
}
Event: 10.817 GC heap before
{Heap before GC invocations=16 (full 2):
 PSYoungGen      total 22528K, used 384K [0x00000000d5580000, 0x00000000d7080000, 0x0000000100000000)
  eden space 22016K, 0% used [0x00000000d5580000,0x00000000d5580000,0x00000000d6b00000)
  from space 512K, 75% used [0x00000000d7000000,0x00000000d7060000,0x00000000d7080000)
  to   space 1024K, 0% used [0x00000000d6e80000,0x00000000d6e80000,0x00000000d6f80000)
 ParOldGen       total 68608K, used 19511K [0x0000000080000000, 0x0000000084300000, 0x00000000d5580000)
  object space 68608K, 28% used [0x0000000080000000,0x000000008130dfb8,0x0000000084300000)
 Metaspace       used 34752K, committed 35840K, reserved 1114112K
  class space    used 3643K, committed 4160K, reserved 1048576K
}
Event: 10.844 GC heap after
{Heap after GC invocations=16 (full 2):
 PSYoungGen      total 22528K, used 0K [0x00000000d5580000, 0x00000000d7080000, 0x0000000100000000)
  eden space 22016K, 0% used [0x00000000d5580000,0x00000000d5580000,0x00000000d6b00000)
  from space 512K, 0% used [0x00000000d7000000,0x00000000d7000000,0x00000000d7080000)
  to   space 1024K, 0% used [0x00000000d6e80000,0x00000000d6e80000,0x00000000d6f80000)
 ParOldGen       total 68608K, used 18917K [0x0000000080000000, 0x0000000084300000, 0x00000000d5580000)
  object space 68608K, 27% used [0x0000000080000000,0x0000000081279520,0x0000000084300000)
 Metaspace       used 34729K, committed 35840K, reserved 1114112K
  class space    used 3636K, committed 4160K, reserved 1048576K
}
Event: 11.000 GC heap before
{Heap before GC invocations=17 (full 2):
 PSYoungGen      total 22528K, used 22016K [0x00000000d5580000, 0x00000000d7080000, 0x0000000100000000)
  eden space 22016K, 100% used [0x00000000d5580000,0x00000000d6b00000,0x00000000d6b00000)
  from space 512K, 0% used [0x00000000d7000000,0x00000000d7000000,0x00000000d7080000)
  to   space 1024K, 0% used [0x00000000d6e80000,0x00000000d6e80000,0x00000000d6f80000)
 ParOldGen       total 68608K, used 18917K [0x0000000080000000, 0x0000000084300000, 0x00000000d5580000)
  object space 68608K, 27% used [0x0000000080000000,0x0000000081279520,0x0000000084300000)
 Metaspace       used 36657K, committed 37696K, reserved 1114112K
  class space    used 3892K, committed 4352K, reserved 1048576K
}
Event: 11.001 GC heap after
{Heap after GC invocations=17 (full 2):
 PSYoungGen      total 23040K, used 980K [0x00000000d5580000, 0x00000000d7080000, 0x0000000100000000)
  eden space 22016K, 0% used [0x00000000d5580000,0x00000000d5580000,0x00000000d6b00000)
  from space 1024K, 95% used [0x00000000d6e80000,0x00000000d6f750e8,0x00000000d6f80000)
  to   space 1024K, 0% used [0x00000000d6f80000,0x00000000d6f80000,0x00000000d7080000)
 ParOldGen       total 68608K, used 18925K [0x0000000080000000, 0x0000000084300000, 0x00000000d5580000)
  object space 68608K, 27% used [0x0000000080000000,0x000000008127b520,0x0000000084300000)
 Metaspace       used 36657K, committed 37696K, reserved 1114112K
  class space    used 3892K, committed 4352K, reserved 1048576K
}
Event: 11.313 GC heap before
{Heap before GC invocations=18 (full 2):
 PSYoungGen      total 23040K, used 22996K [0x00000000d5580000, 0x00000000d7080000, 0x0000000100000000)
  eden space 22016K, 100% used [0x00000000d5580000,0x00000000d6b00000,0x00000000d6b00000)
  from space 1024K, 95% used [0x00000000d6e80000,0x00000000d6f750e8,0x00000000d6f80000)
  to   space 1024K, 0% used [0x00000000d6f80000,0x00000000d6f80000,0x00000000d7080000)
 ParOldGen       total 68608K, used 18925K [0x0000000080000000, 0x0000000084300000, 0x00000000d5580000)
  object space 68608K, 27% used [0x0000000080000000,0x000000008127b520,0x0000000084300000)
 Metaspace       used 39040K, committed 40128K, reserved 1114112K
  class space    used 4198K, committed 4672K, reserved 1048576K
}
Event: 11.315 GC heap after
{Heap after GC invocations=18 (full 2):
 PSYoungGen      total 23040K, used 1024K [0x00000000d5580000, 0x00000000d7080000, 0x0000000100000000)
  eden space 22016K, 0% used [0x00000000d5580000,0x00000000d5580000,0x00000000d6b00000)
  from space 1024K, 100% used [0x00000000d6f80000,0x00000000d7080000,0x00000000d7080000)
  to   space 2048K, 0% used [0x00000000d6c80000,0x00000000d6c80000,0x00000000d6e80000)
 ParOldGen       total 68608K, used 19749K [0x0000000080000000, 0x0000000084300000, 0x00000000d5580000)
  object space 68608K, 28% used [0x0000000080000000,0x0000000081349530,0x0000000084300000)
 Metaspace       used 39040K, committed 40128K, reserved 1114112K
  class space    used 4198K, committed 4672K, reserved 1048576K
}

