# JRE version: OpenJDK Runtime Environment Temurin-21.0.10+7 (21.0.10+7) (build 21.0.10+7-LTS)
# Java VM: OpenJDK 64-Bit Server VM Temurin-21.0.10+7 (21.0.10+7-LTS, mixed mode, sharing, tiered, compressed oops, compressed class ptrs, parallel gc, windows-amd64)
GC Precious Log:
 CardTable entry size: 512
 CPUs: 8 total, 8 available
 Memory: 16009M
 Large Page Support: Disabled
 NUMA Support: Disabled
 Compressed Oops: Enabled (32-bit)
 Alignments: Space 512K, Generation 512K, Heap 2M
 Heap Min Capacity: 100M
 Heap Initial Capacity: 100M
 Heap Max Capacity: 2G
 Pre-touch: Disabled
 Parallel Workers: 8
Heap:
 PSYoungGen      total 23552K, used 20711K [0x00000000d5580000, 0x00000000d7200000, 0x0000000100000000)
  eden space 22016K, 90% used [0x00000000d5580000,0x00000000d690a870,0x00000000d6b00000)
  from space 1536K, 45% used [0x00000000d6f80000,0x00000000d702f620,0x00000000d7100000)
  to   space 1024K, 0% used [0x00000000d7100000,0x00000000d7100000,0x00000000d7200000)
 ParOldGen       total 68608K, used 19900K [0x0000000080000000, 0x0000000084300000, 0x00000000d5580000)
  object space 68608K, 29% used [0x0000000080000000,0x000000008136f320,0x0000000084300000)
 Metaspace       used 40349K, committed 41472K, reserved 1114112K
  class space    used 4369K, committed 4864K, reserved 1048576K
GC Heap History (20 events):
Event: 3.864 GC heap before
{Heap before GC invocations=8 (full 0):
 PSYoungGen      total 29184K, used 11208K [0x00000000d5580000, 0x00000000d7d00000, 0x0000000100000000)
  eden space 24064K, 25% used [0x00000000d5580000,0x00000000d5b74728,0x00000000d6d00000)
  from space 5120K, 99% used [0x00000000d6e80000,0x00000000d737dc40,0x00000000d7380000)
  to   space 8192K, 0% used [0x00000000d7500000,0x00000000d7500000,0x00000000d7d00000)
 ParOldGen       total 68608K, used 10336K [0x0000000080000000, 0x0000000084300000, 0x00000000d5580000)
  object space 68608K, 15% used [0x0000000080000000,0x0000000080a182d0,0x0000000084300000)
 Metaspace       used 20716K, committed 21504K, reserved 1114112K
  class space    used 2149K, committed 2496K, reserved 1048576K
}
Event: 3.866 GC heap after
{Heap after GC invocations=8 (full 0):
 PSYoungGen      total 28672K, used 4536K [0x00000000d5580000, 0x00000000d7980000, 0x0000000100000000)
  eden space 24064K, 0% used [0x00000000d5580000,0x00000000d5580000,0x00000000d6d00000)
  from space 4608K, 98% used [0x00000000d7500000,0x00000000d796e318,0x00000000d7980000)
  to   space 6144K, 0% used [0x00000000d6d80000,0x00000000d6d80000,0x00000000d7380000)
 ParOldGen       total 68608K, used 11379K [0x0000000080000000, 0x0000000084300000, 0x00000000d5580000)
  object space 68608K, 16% used [0x0000000080000000,0x0000000080b1cc58,0x0000000084300000)
 Metaspace       used 20716K, committed 21504K, reserved 1114112K
  class space    used 2149K, committed 2496K, reserved 1048576K
}
Event: 3.866 GC heap before
{Heap before GC invocations=9 (full 1):
 PSYoungGen      total 28672K, used 4536K [0x00000000d5580000, 0x00000000d7980000, 0x0000000100000000)
  eden space 24064K, 0% used [0x00000000d5580000,0x00000000d5580000,0x00000000d6d00000)
  from space 4608K, 98% used [0x00000000d7500000,0x00000000d796e318,0x00000000d7980000)
  to   space 6144K, 0% used [0x00000000d6d80000,0x00000000d6d80000,0x00000000d7380000)
 ParOldGen       total 68608K, used 11379K [0x0000000080000000, 0x0000000084300000, 0x00000000d5580000)
  object space 68608K, 16% used [0x0000000080000000,0x0000000080b1cc58,0x0000000084300000)
 Metaspace       used 20716K, committed 21504K, reserved 1114112K
  class space    used 2149K, committed 2496K, reserved 1048576K
}
Event: 3.886 GC heap after
{Heap after GC invocations=9 (full 1):
 PSYoungGen      total 28672K, used 0K [0x00000000d5580000, 0x00000000d7980000, 0x0000000100000000)
  eden space 24064K, 0% used [0x00000000d5580000,0x00000000d5580000,0x00000000d6d00000)
  from space 4608K, 0% used [0x00000000d7500000,0x00000000d7500000,0x00000000d7980000)
  to   space 6144K, 0% used [0x00000000d6d80000,0x00000000d6d80000,0x00000000d7380000)
 ParOldGen       total 68608K, used 13730K [0x0000000080000000, 0x0000000084300000, 0x00000000d5580000)
  object space 68608K, 20% used [0x0000000080000000,0x0000000080d688f0,0x0000000084300000)
 Metaspace       used 20703K, committed 21504K, reserved 1114112K
  class space    used 2146K, committed 2496K, reserved 1048576K
}
Event: 4.025 GC heap before
{Heap before GC invocations=10 (full 1):
 PSYoungGen      total 28672K, used 24064K [0x00000000d5580000, 0x00000000d7980000, 0x0000000100000000)
  eden space 24064K, 100% used [0x00000000d5580000,0x00000000d6d00000,0x00000000d6d00000)
  from space 4608K, 0% used [0x00000000d7500000,0x00000000d7500000,0x00000000d7980000)
  to   space 6144K, 0% used [0x00000000d6d80000,0x00000000d6d80000,0x00000000d7380000)
 ParOldGen       total 68608K, used 13730K [0x0000000080000000, 0x0000000084300000, 0x00000000d5580000)
  object space 68608K, 20% used [0x0000000080000000,0x0000000080d688f0,0x0000000084300000)
 Metaspace       used 24467K, committed 25280K, reserved 1114112K
  class space    used 2433K, committed 2752K, reserved 1048576K
}
Event: 4.026 GC heap after
{Heap after GC invocations=10 (full 1):
 PSYoungGen      total 24064K, used 416K [0x00000000d5580000, 0x00000000d7580000, 0x0000000100000000)
  eden space 23552K, 0% used [0x00000000d5580000,0x00000000d5580000,0x00000000d6c80000)
  from space 512K, 81% used [0x00000000d6d80000,0x00000000d6de8000,0x00000000d6e00000)
  to   space 2560K, 0% used [0x00000000d7300000,0x00000000d7300000,0x00000000d7580000)
 ParOldGen       total 68608K, used 13738K [0x0000000080000000, 0x0000000084300000, 0x00000000d5580000)
  object space 68608K, 20% used [0x0000000080000000,0x0000000080d6a8f0,0x0000000084300000)
 Metaspace       used 24467K, committed 25280K, reserved 1114112K
  class space    used 2433K, committed 2752K, reserved 1048576K
}
Event: 4.161 GC heap before
{Heap before GC invocations=11 (full 1):
 PSYoungGen      total 24064K, used 23898K [0x00000000d5580000, 0x00000000d7580000, 0x0000000100000000)
  eden space 23552K, 99% used [0x00000000d5580000,0x00000000d6c6ea30,0x00000000d6c80000)
  from space 512K, 81% used [0x00000000d6d80000,0x00000000d6de8000,0x00000000d6e00000)
  to   space 2560K, 0% used [0x00000000d7300000,0x00000000d7300000,0x00000000d7580000)
 ParOldGen       total 68608K, used 13738K [0x0000000080000000, 0x0000000084300000, 0x00000000d5580000)
  object space 68608K, 20% used [0x0000000080000000,0x0000000080d6a8f0,0x0000000084300000)
 Metaspace       used 25692K, committed 26560K, reserved 1114112K
  class space    used 2520K, committed 2880K, reserved 1048576K
}
Event: 4.162 GC heap after
{Heap after GC invocations=11 (full 1):
 PSYoungGen      total 25600K, used 2089K [0x00000000d5580000, 0x00000000d7580000, 0x0000000100000000)
  eden space 23040K, 0% used [0x00000000d5580000,0x00000000d5580000,0x00000000d6c00000)
  from space 2560K, 81% used [0x00000000d7300000,0x00000000d750a5c8,0x00000000d7580000)
  to   space 2560K, 0% used [0x00000000d7080000,0x00000000d7080000,0x00000000d7300000)
 ParOldGen       total 68608K, used 14527K [0x0000000080000000, 0x0000000084300000, 0x00000000d5580000)
  object space 68608K, 21% used [0x0000000080000000,0x0000000080e2fe00,0x0000000084300000)
 Metaspace       used 25692K, committed 26560K, reserved 1114112K
  class space    used 2520K, committed 2880K, reserved 1048576K
}
Event: 4.525 GC heap before
{Heap before GC invocations=12 (full 1):
 PSYoungGen      total 25600K, used 25129K [0x00000000d5580000, 0x00000000d7580000, 0x0000000100000000)
  eden space 23040K, 100% used [0x00000000d5580000,0x00000000d6c00000,0x00000000d6c00000)
  from space 2560K, 81% used [0x00000000d7300000,0x00000000d750a5c8,0x00000000d7580000)
  to   space 2560K, 0% used [0x00000000d7080000,0x00000000d7080000,0x00000000d7300000)
 ParOldGen       total 68608K, used 14527K [0x0000000080000000, 0x0000000084300000, 0x00000000d5580000)
  object space 68608K, 21% used [0x0000000080000000,0x0000000080e2fe00,0x0000000084300000)
 Metaspace       used 29445K, committed 30400K, reserved 1114112K
  class space    used 2924K, committed 3328K, reserved 1048576K
}
Event: 4.528 GC heap after
{Heap after GC invocations=12 (full 1):
 PSYoungGen      total 25088K, used 2121K [0x00000000d5580000, 0x00000000d7380000, 0x0000000100000000)
  eden space 22528K, 0% used [0x00000000d5580000,0x00000000d5580000,0x00000000d6b80000)
  from space 2560K, 82% used [0x00000000d7080000,0x00000000d72927e8,0x00000000d7300000)
  to   space 512K, 0% used [0x00000000d7300000,0x00000000d7300000,0x00000000d7380000)
 ParOldGen       total 68608K, used 16324K [0x0000000080000000, 0x0000000084300000, 0x00000000d5580000)
  object space 68608K, 23% used [0x0000000080000000,0x0000000080ff12c0,0x0000000084300000)
 Metaspace       used 29445K, committed 30400K, reserved 1114112K
  class space    used 2924K, committed 3328K, reserved 1048576K
}
Event: 4.840 GC heap before
{Heap before GC invocations=13 (full 1):
 PSYoungGen      total 25088K, used 24649K [0x00000000d5580000, 0x00000000d7380000, 0x0000000100000000)
  eden space 22528K, 100% used [0x00000000d5580000,0x00000000d6b80000,0x00000000d6b80000)
  from space 2560K, 82% used [0x00000000d7080000,0x00000000d72927e8,0x00000000d7300000)
  to   space 512K, 0% used [0x00000000d7300000,0x00000000d7300000,0x00000000d7380000)
 ParOldGen       total 68608K, used 16324K [0x0000000080000000, 0x0000000084300000, 0x00000000d5580000)
  object space 68608K, 23% used [0x0000000080000000,0x0000000080ff12c0,0x0000000084300000)
 Metaspace       used 32460K, committed 33600K, reserved 1114112K
  class space    used 3317K, committed 3840K, reserved 1048576K
}
Event: 4.843 GC heap after
{Heap after GC invocations=13 (full 1):
 PSYoungGen      total 22528K, used 512K [0x00000000d5580000, 0x00000000d7380000, 0x0000000100000000)
  eden space 22016K, 0% used [0x00000000d5580000,0x00000000d5580000,0x00000000d6b00000)
  from space 512K, 100% used [0x00000000d7300000,0x00000000d7380000,0x00000000d7380000)
  to   space 4096K, 0% used [0x00000000d6b80000,0x00000000d6b80000,0x00000000d6f80000)
 ParOldGen       total 68608K, used 19233K [0x0000000080000000, 0x0000000084300000, 0x00000000d5580000)
  object space 68608K, 28% used [0x0000000080000000,0x00000000812c8478,0x0000000084300000)
 Metaspace       used 32460K, committed 33600K, reserved 1114112K
  class space    used 3317K, committed 3840K, reserved 1048576K
}
Event: 5.048 GC heap before
{Heap before GC invocations=14 (full 1):
 PSYoungGen      total 22528K, used 18707K [0x00000000d5580000, 0x00000000d7380000, 0x0000000100000000)
  eden space 22016K, 82% used [0x00000000d5580000,0x00000000d6744db8,0x00000000d6b00000)
  from space 512K, 100% used [0x00000000d7300000,0x00000000d7380000,0x00000000d7380000)
  to   space 4096K, 0% used [0x00000000d6b80000,0x00000000d6b80000,0x00000000d6f80000)
 ParOldGen       total 68608K, used 19233K [0x0000000080000000, 0x0000000084300000, 0x00000000d5580000)
  object space 68608K, 28% used [0x0000000080000000,0x00000000812c8478,0x0000000084300000)
 Metaspace       used 34672K, committed 35840K, reserved 1114112K
  class space    used 3619K, committed 4160K, reserved 1048576K
}
Event: 5.051 GC heap after
{Heap after GC invocations=14 (full 1):
 PSYoungGen      total 26112K, used 816K [0x00000000d5580000, 0x00000000d7380000, 0x0000000100000000)
  eden space 22016K, 0% used [0x00000000d5580000,0x00000000d5580000,0x00000000d6b00000)
  from space 4096K, 19% used [0x00000000d6b80000,0x00000000d6c4c340,0x00000000d6f80000)
  to   space 2048K, 0% used [0x00000000d7180000,0x00000000d7180000,0x00000000d7380000)
 ParOldGen       total 68608K, used 19695K [0x0000000080000000, 0x0000000084300000, 0x00000000d5580000)
  object space 68608K, 28% used [0x0000000080000000,0x000000008133bd98,0x0000000084300000)
 Metaspace       used 34672K, committed 35840K, reserved 1114112K
  class space    used 3619K, committed 4160K, reserved 1048576K
}
Event: 5.051 GC heap before
{Heap before GC invocations=15 (full 2):
 PSYoungGen      total 26112K, used 816K [0x00000000d5580000, 0x00000000d7380000, 0x0000000100000000)
  eden space 22016K, 0% used [0x00000000d5580000,0x00000000d5580000,0x00000000d6b00000)
  from space 4096K, 19% used [0x00000000d6b80000,0x00000000d6c4c340,0x00000000d6f80000)
  to   space 2048K, 0% used [0x00000000d7180000,0x00000000d7180000,0x00000000d7380000)
 ParOldGen       total 68608K, used 19695K [0x0000000080000000, 0x0000000084300000, 0x00000000d5580000)
  object space 68608K, 28% used [0x0000000080000000,0x000000008133bd98,0x0000000084300000)
 Metaspace       used 34672K, committed 35840K, reserved 1114112K
  class space    used 3619K, committed 4160K, reserved 1048576K
}
Event: 5.083 GC heap after
{Heap after GC invocations=15 (full 2):
 PSYoungGen      total 26112K, used 0K [0x00000000d5580000, 0x00000000d7380000, 0x0000000100000000)
  eden space 22016K, 0% used [0x00000000d5580000,0x00000000d5580000,0x00000000d6b00000)
  from space 4096K, 0% used [0x00000000d6b80000,0x00000000d6b80000,0x00000000d6f80000)
  to   space 2048K, 0% used [0x00000000d7180000,0x00000000d7180000,0x00000000d7380000)
 ParOldGen       total 68608K, used 19100K [0x0000000080000000, 0x0000000084300000, 0x00000000d5580000)
  object space 68608K, 27% used [0x0000000080000000,0x00000000812a7320,0x0000000084300000)
 Metaspace       used 34672K, committed 35840K, reserved 1114112K
  class space    used 3619K, committed 4160K, reserved 1048576K
}
Event: 5.412 GC heap before
{Heap before GC invocations=16 (full 2):
 PSYoungGen      total 26112K, used 22016K [0x00000000d5580000, 0x00000000d7380000, 0x0000000100000000)
  eden space 22016K, 100% used [0x00000000d5580000,0x00000000d6b00000,0x00000000d6b00000)
  from space 4096K, 0% used [0x00000000d6b80000,0x00000000d6b80000,0x00000000d6f80000)
  to   space 2048K, 0% used [0x00000000d7180000,0x00000000d7180000,0x00000000d7380000)
 ParOldGen       total 68608K, used 19100K [0x0000000080000000, 0x0000000084300000, 0x00000000d5580000)
  object space 68608K, 27% used [0x0000000080000000,0x00000000812a7320,0x0000000084300000)
 Metaspace       used 36154K, committed 37312K, reserved 1114112K
  class space    used 3834K, committed 4352K, reserved 1048576K
}
Event: 5.415 GC heap after
{Heap after GC invocations=16 (full 2):
 PSYoungGen      total 23040K, used 992K [0x00000000d5580000, 0x00000000d7280000, 0x0000000100000000)
  eden space 22016K, 0% used [0x00000000d5580000,0x00000000d5580000,0x00000000d6b00000)
  from space 1024K, 96% used [0x00000000d7180000,0x00000000d7278000,0x00000000d7280000)
  to   space 1536K, 0% used [0x00000000d6f80000,0x00000000d6f80000,0x00000000d7100000)
 ParOldGen       total 68608K, used 19108K [0x0000000080000000, 0x0000000084300000, 0x00000000d5580000)
  object space 68608K, 27% used [0x0000000080000000,0x00000000812a9320,0x0000000084300000)
 Metaspace       used 36154K, committed 37312K, reserved 1114112K
  class space    used 3834K, committed 4352K, reserved 1048576K
}
Event: 5.750 GC heap before
{Heap before GC invocations=17 (full 2):
 PSYoungGen      total 23040K, used 23008K [0x00000000d5580000, 0x00000000d7280000, 0x0000000100000000)
  eden space 22016K, 100% used [0x00000000d5580000,0x00000000d6b00000,0x00000000d6b00000)
  from space 1024K, 96% used [0x00000000d7180000,0x00000000d7278000,0x00000000d7280000)
  to   space 1536K, 0% used [0x00000000d6f80000,0x00000000d6f80000,0x00000000d7100000)
 ParOldGen       total 68608K, used 19108K [0x0000000080000000, 0x0000000084300000, 0x00000000d5580000)
  object space 68608K, 27% used [0x0000000080000000,0x00000000812a9320,0x0000000084300000)
 Metaspace       used 38088K, committed 39168K, reserved 1114112K
  class space    used 4084K, committed 4544K, reserved 1048576K
}
Event: 5.752 GC heap after
{Heap after GC invocations=17 (full 2):
 PSYoungGen      total 23552K, used 701K [0x00000000d5580000, 0x00000000d7200000, 0x0000000100000000)
  eden space 22016K, 0% used [0x00000000d5580000,0x00000000d5580000,0x00000000d6b00000)
  from space 1536K, 45% used [0x00000000d6f80000,0x00000000d702f620,0x00000000d7100000)
  to   space 1024K, 0% used [0x00000000d7100000,0x00000000d7100000,0x00000000d7200000)
 ParOldGen       total 68608K, used 19900K [0x0000000080000000, 0x0000000084300000, 0x00000000d5580000)
  object space 68608K, 29% used [0x0000000080000000,0x000000008136f320,0x0000000084300000)
 Metaspace       used 38088K, committed 39168K, reserved 1114112K
  class space    used 4084K, committed 4544K, reserved 1048576K
}

