# JRE version: OpenJDK Runtime Environment Temurin-21.0.10+7 (21.0.10+7) (build 21.0.10+7-LTS)
# Java VM: OpenJDK 64-Bit Server VM Temurin-21.0.10+7 (21.0.10+7-LTS, mixed mode, sharing, tiered, compressed oops, compressed class ptrs, parallel gc, windows-amd64)
GC Precious Log:
 CardTable entry size: 512
 CPUs: 8 total, 8 available
 Memory: 16009M
 Large Page Support: Disabled
 NUMA Support: Disabled
 Compressed Oops: Enabled (32-bit)
 Alignments: Space 512K, Generation 512K, Heap 2M
 Heap Min Capacity: 100M
 Heap Initial Capacity: 100M
 Heap Max Capacity: 2G
 Pre-touch: Disabled
 Parallel Workers: 8
Heap:
 PSYoungGen      total 24576K, used 9688K [0x00000000d5580000, 0x00000000d7100000, 0x0000000100000000)
  eden space 22016K, 35% used [0x00000000d5580000,0x00000000d5d2a078,0x00000000d6b00000)
  from space 2560K, 71% used [0x00000000d6c80000,0x00000000d6e4c010,0x00000000d6f00000)
  to   space 2048K, 0% used [0x00000000d6f00000,0x00000000d6f00000,0x00000000d7100000)
 ParOldGen       total 68608K, used 19921K [0x0000000080000000, 0x0000000084300000, 0x00000000d5580000)
  object space 68608K, 29% used [0x0000000080000000,0x00000000813744b8,0x0000000084300000)
 Metaspace       used 40715K, committed 41792K, reserved 1114112K
  class space    used 4410K, committed 4864K, reserved 1048576K
GC Heap History (20 events):
Event: 14.092 GC heap before
{Heap before GC invocations=8 (full 1):
 PSYoungGen      total 29184K, used 4469K [0x00000000d5580000, 0x00000000d7680000, 0x0000000100000000)
  eden space 24576K, 0% used [0x00000000d5580000,0x00000000d5580000,0x00000000d6d80000)
  from space 4608K, 96% used [0x00000000d6e80000,0x00000000d72dd4a0,0x00000000d7300000)
  to   space 3584K, 0% used [0x00000000d7300000,0x00000000d7300000,0x00000000d7680000)
 ParOldGen       total 68608K, used 9250K [0x0000000080000000, 0x0000000084300000, 0x00000000d5580000)
  object space 68608K, 13% used [0x0000000080000000,0x00000000809089f8,0x0000000084300000)
 Metaspace       used 20676K, committed 21504K, reserved 1114112K
  class space    used 2156K, committed 2496K, reserved 1048576K
}
Event: 14.118 GC heap after
{Heap after GC invocations=8 (full 1):
 PSYoungGen      total 29184K, used 0K [0x00000000d5580000, 0x00000000d7680000, 0x0000000100000000)
  eden space 24576K, 0% used [0x00000000d5580000,0x00000000d5580000,0x00000000d6d80000)
  from space 4608K, 0% used [0x00000000d6e80000,0x00000000d6e80000,0x00000000d7300000)
  to   space 3584K, 0% used [0x00000000d7300000,0x00000000d7300000,0x00000000d7680000)
 ParOldGen       total 68608K, used 13234K [0x0000000080000000, 0x0000000084300000, 0x00000000d5580000)
  object space 68608K, 19% used [0x0000000080000000,0x0000000080cecb90,0x0000000084300000)
 Metaspace       used 20663K, committed 21504K, reserved 1114112K
  class space    used 2153K, committed 2496K, reserved 1048576K
}
Event: 16.176 GC heap before
{Heap before GC invocations=9 (full 1):
 PSYoungGen      total 29184K, used 24570K [0x00000000d5580000, 0x00000000d7680000, 0x0000000100000000)
  eden space 24576K, 99% used [0x00000000d5580000,0x00000000d6d7ea10,0x00000000d6d80000)
  from space 4608K, 0% used [0x00000000d6e80000,0x00000000d6e80000,0x00000000d7300000)
  to   space 3584K, 0% used [0x00000000d7300000,0x00000000d7300000,0x00000000d7680000)
 ParOldGen       total 68608K, used 13284K [0x0000000080000000, 0x0000000084300000, 0x00000000d5580000)
  object space 68608K, 19% used [0x0000000080000000,0x0000000080cf92d8,0x0000000084300000)
 Metaspace       used 23040K, committed 23872K, reserved 1114112K
  class space    used 2319K, committed 2624K, reserved 1048576K
}
Event: 16.177 GC heap after
{Heap after GC invocations=9 (full 1):
 PSYoungGen      total 25600K, used 551K [0x00000000d5580000, 0x00000000d7400000, 0x0000000100000000)
  eden space 24576K, 0% used [0x00000000d5580000,0x00000000d5580000,0x00000000d6d80000)
  from space 1024K, 53% used [0x00000000d7300000,0x00000000d7389cf8,0x00000000d7400000)
  to   space 2048K, 0% used [0x00000000d7000000,0x00000000d7000000,0x00000000d7200000)
 ParOldGen       total 68608K, used 13292K [0x0000000080000000, 0x0000000084300000, 0x00000000d5580000)
  object space 68608K, 19% used [0x0000000080000000,0x0000000080cfb2d8,0x0000000084300000)
 Metaspace       used 23040K, committed 23872K, reserved 1114112K
  class space    used 2319K, committed 2624K, reserved 1048576K
}
Event: 16.397 GC heap before
{Heap before GC invocations=10 (full 1):
 PSYoungGen      total 25600K, used 25127K [0x00000000d5580000, 0x00000000d7400000, 0x0000000100000000)
  eden space 24576K, 100% used [0x00000000d5580000,0x00000000d6d80000,0x00000000d6d80000)
  from space 1024K, 53% used [0x00000000d7300000,0x00000000d7389cf8,0x00000000d7400000)
  to   space 2048K, 0% used [0x00000000d7000000,0x00000000d7000000,0x00000000d7200000)
 ParOldGen       total 68608K, used 13295K [0x0000000080000000, 0x0000000084300000, 0x00000000d5580000)
  object space 68608K, 19% used [0x0000000080000000,0x0000000080cfbea8,0x0000000084300000)
 Metaspace       used 26449K, committed 27328K, reserved 1114112K
  class space    used 2676K, committed 3072K, reserved 1048576K
}
Event: 16.398 GC heap after
{Heap after GC invocations=10 (full 1):
 PSYoungGen      total 26112K, used 608K [0x00000000d5580000, 0x00000000d7380000, 0x0000000100000000)
  eden space 24064K, 0% used [0x00000000d5580000,0x00000000d5580000,0x00000000d6d00000)
  from space 2048K, 29% used [0x00000000d7000000,0x00000000d7098000,0x00000000d7200000)
  to   space 1024K, 0% used [0x00000000d7280000,0x00000000d7280000,0x00000000d7380000)
 ParOldGen       total 68608K, used 13303K [0x0000000080000000, 0x0000000084300000, 0x00000000d5580000)
  object space 68608K, 19% used [0x0000000080000000,0x0000000080cfdea8,0x0000000084300000)
 Metaspace       used 26449K, committed 27328K, reserved 1114112K
  class space    used 2676K, committed 3072K, reserved 1048576K
}
Event: 16.628 GC heap before
{Heap before GC invocations=11 (full 1):
 PSYoungGen      total 26112K, used 24672K [0x00000000d5580000, 0x00000000d7380000, 0x0000000100000000)
  eden space 24064K, 100% used [0x00000000d5580000,0x00000000d6d00000,0x00000000d6d00000)
  from space 2048K, 29% used [0x00000000d7000000,0x00000000d7098000,0x00000000d7200000)
  to   space 1024K, 0% used [0x00000000d7280000,0x00000000d7280000,0x00000000d7380000)
 ParOldGen       total 68608K, used 13303K [0x0000000080000000, 0x0000000084300000, 0x00000000d5580000)
  object space 68608K, 19% used [0x0000000080000000,0x0000000080cfdea8,0x0000000084300000)
 Metaspace       used 27905K, committed 28864K, reserved 1114112K
  class space    used 2854K, committed 3264K, reserved 1048576K
}
Event: 16.630 GC heap after
{Heap after GC invocations=11 (full 1):
 PSYoungGen      total 24576K, used 1010K [0x00000000d5580000, 0x00000000d7380000, 0x0000000100000000)
  eden space 23552K, 0% used [0x00000000d5580000,0x00000000d5580000,0x00000000d6c80000)
  from space 1024K, 98% used [0x00000000d7280000,0x00000000d737cb40,0x00000000d7380000)
  to   space 3584K, 0% used [0x00000000d6c80000,0x00000000d6c80000,0x00000000d7000000)
 ParOldGen       total 68608K, used 15268K [0x0000000080000000, 0x0000000084300000, 0x00000000d5580000)
  object space 68608K, 22% used [0x0000000080000000,0x0000000080ee9358,0x0000000084300000)
 Metaspace       used 27905K, committed 28864K, reserved 1114112K
  class space    used 2854K, committed 3264K, reserved 1048576K
}
Event: 17.016 GC heap before
{Heap before GC invocations=12 (full 1):
 PSYoungGen      total 24576K, used 24562K [0x00000000d5580000, 0x00000000d7380000, 0x0000000100000000)
  eden space 23552K, 100% used [0x00000000d5580000,0x00000000d6c80000,0x00000000d6c80000)
  from space 1024K, 98% used [0x00000000d7280000,0x00000000d737cb40,0x00000000d7380000)
  to   space 3584K, 0% used [0x00000000d6c80000,0x00000000d6c80000,0x00000000d7000000)
 ParOldGen       total 68608K, used 15268K [0x0000000080000000, 0x0000000084300000, 0x00000000d5580000)
  object space 68608K, 22% used [0x0000000080000000,0x0000000080ee9358,0x0000000084300000)
 Metaspace       used 29536K, committed 30464K, reserved 1114112K
  class space    used 3040K, committed 3392K, reserved 1048576K
}
Event: 17.018 GC heap after
{Heap after GC invocations=12 (full 1):
 PSYoungGen      total 26624K, used 1057K [0x00000000d5580000, 0x00000000d7300000, 0x0000000100000000)
  eden space 23040K, 0% used [0x00000000d5580000,0x00000000d5580000,0x00000000d6c00000)
  from space 3584K, 29% used [0x00000000d6c80000,0x00000000d6d887a0,0x00000000d7000000)
  to   space 2048K, 0% used [0x00000000d7100000,0x00000000d7100000,0x00000000d7300000)
 ParOldGen       total 68608K, used 15938K [0x0000000080000000, 0x0000000084300000, 0x00000000d5580000)
  object space 68608K, 23% used [0x0000000080000000,0x0000000080f90b78,0x0000000084300000)
 Metaspace       used 29536K, committed 30464K, reserved 1114112K
  class space    used 3040K, committed 3392K, reserved 1048576K
}
Event: 22.548 GC heap before
{Heap before GC invocations=13 (full 1):
 PSYoungGen      total 26624K, used 24097K [0x00000000d5580000, 0x00000000d7300000, 0x0000000100000000)
  eden space 23040K, 100% used [0x00000000d5580000,0x00000000d6c00000,0x00000000d6c00000)
  from space 3584K, 29% used [0x00000000d6c80000,0x00000000d6d887a0,0x00000000d7000000)
  to   space 2048K, 0% used [0x00000000d7100000,0x00000000d7100000,0x00000000d7300000)
 ParOldGen       total 68608K, used 15938K [0x0000000080000000, 0x0000000084300000, 0x00000000d5580000)
  object space 68608K, 23% used [0x0000000080000000,0x0000000080f90b78,0x0000000084300000)
 Metaspace       used 32515K, committed 33408K, reserved 1114112K
  class space    used 3376K, committed 3712K, reserved 1048576K
}
Event: 22.549 GC heap after
{Heap after GC invocations=13 (full 1):
 PSYoungGen      total 24064K, used 1037K [0x00000000d5580000, 0x00000000d7280000, 0x0000000100000000)
  eden space 22528K, 0% used [0x00000000d5580000,0x00000000d5580000,0x00000000d6b80000)
  from space 1536K, 67% used [0x00000000d7100000,0x00000000d7203460,0x00000000d7280000)
  to   space 1536K, 0% used [0x00000000d6f80000,0x00000000d6f80000,0x00000000d7100000)
 ParOldGen       total 68608K, used 16818K [0x0000000080000000, 0x0000000084300000, 0x00000000d5580000)
  object space 68608K, 24% used [0x0000000080000000,0x000000008106c8d0,0x0000000084300000)
 Metaspace       used 32515K, committed 33408K, reserved 1114112K
  class space    used 3376K, committed 3712K, reserved 1048576K
}
Event: 22.946 GC heap before
{Heap before GC invocations=14 (full 1):
 PSYoungGen      total 24064K, used 19381K [0x00000000d5580000, 0x00000000d7280000, 0x0000000100000000)
  eden space 22528K, 81% used [0x00000000d5580000,0x00000000d676a090,0x00000000d6b80000)
  from space 1536K, 67% used [0x00000000d7100000,0x00000000d7203460,0x00000000d7280000)
  to   space 1536K, 0% used [0x00000000d6f80000,0x00000000d6f80000,0x00000000d7100000)
 ParOldGen       total 68608K, used 16818K [0x0000000080000000, 0x0000000084300000, 0x00000000d5580000)
  object space 68608K, 24% used [0x0000000080000000,0x000000008106c8d0,0x0000000084300000)
 Metaspace       used 34861K, committed 35840K, reserved 1114112K
  class space    used 3655K, committed 4032K, reserved 1048576K
}
Event: 22.948 GC heap after
{Heap after GC invocations=14 (full 1):
 PSYoungGen      total 23552K, used 932K [0x00000000d5580000, 0x00000000d7180000, 0x0000000100000000)
  eden space 22528K, 0% used [0x00000000d5580000,0x00000000d5580000,0x00000000d6b80000)
  from space 1024K, 91% used [0x00000000d6f80000,0x00000000d7069080,0x00000000d7080000)
  to   space 1024K, 0% used [0x00000000d7080000,0x00000000d7080000,0x00000000d7180000)
 ParOldGen       total 68608K, used 17704K [0x0000000080000000, 0x0000000084300000, 0x00000000d5580000)
  object space 68608K, 25% used [0x0000000080000000,0x000000008114a368,0x0000000084300000)
 Metaspace       used 34861K, committed 35840K, reserved 1114112K
  class space    used 3655K, committed 4032K, reserved 1048576K
}
Event: 22.948 GC heap before
{Heap before GC invocations=15 (full 2):
 PSYoungGen      total 23552K, used 932K [0x00000000d5580000, 0x00000000d7180000, 0x0000000100000000)
  eden space 22528K, 0% used [0x00000000d5580000,0x00000000d5580000,0x00000000d6b80000)
  from space 1024K, 91% used [0x00000000d6f80000,0x00000000d7069080,0x00000000d7080000)
  to   space 1024K, 0% used [0x00000000d7080000,0x00000000d7080000,0x00000000d7180000)
 ParOldGen       total 68608K, used 17704K [0x0000000080000000, 0x0000000084300000, 0x00000000d5580000)
  object space 68608K, 25% used [0x0000000080000000,0x000000008114a368,0x0000000084300000)
 Metaspace       used 34861K, committed 35840K, reserved 1114112K
  class space    used 3655K, committed 4032K, reserved 1048576K
}
Event: 22.980 GC heap after
{Heap after GC invocations=15 (full 2):
 PSYoungGen      total 23552K, used 0K [0x00000000d5580000, 0x00000000d7180000, 0x0000000100000000)
  eden space 22528K, 0% used [0x00000000d5580000,0x00000000d5580000,0x00000000d6b80000)
  from space 1024K, 0% used [0x00000000d6f80000,0x00000000d6f80000,0x00000000d7080000)
  to   space 1024K, 0% used [0x00000000d7080000,0x00000000d7080000,0x00000000d7180000)
 ParOldGen       total 68608K, used 17852K [0x0000000080000000, 0x0000000084300000, 0x00000000d5580000)
  object space 68608K, 26% used [0x0000000080000000,0x000000008116f0c8,0x0000000084300000)
 Metaspace       used 34852K, committed 35840K, reserved 1114112K
  class space    used 3652K, committed 4032K, reserved 1048576K
}
Event: 23.212 GC heap before
{Heap before GC invocations=16 (full 2):
 PSYoungGen      total 23552K, used 22528K [0x00000000d5580000, 0x00000000d7180000, 0x0000000100000000)
  eden space 22528K, 100% used [0x00000000d5580000,0x00000000d6b80000,0x00000000d6b80000)
  from space 1024K, 0% used [0x00000000d6f80000,0x00000000d6f80000,0x00000000d7080000)
  to   space 1024K, 0% used [0x00000000d7080000,0x00000000d7080000,0x00000000d7180000)
 ParOldGen       total 68608K, used 17852K [0x0000000080000000, 0x0000000084300000, 0x00000000d5580000)
  object space 68608K, 26% used [0x0000000080000000,0x000000008116f0c8,0x0000000084300000)
 Metaspace       used 37448K, committed 38528K, reserved 1114112K
  class space    used 3977K, committed 4416K, reserved 1048576K
}
Event: 23.214 GC heap after
{Heap after GC invocations=16 (full 2):
 PSYoungGen      total 23040K, used 1021K [0x00000000d5580000, 0x00000000d7180000, 0x0000000100000000)
  eden space 22016K, 0% used [0x00000000d5580000,0x00000000d5580000,0x00000000d6b00000)
  from space 1024K, 99% used [0x00000000d7080000,0x00000000d717f7c0,0x00000000d7180000)
  to   space 2560K, 0% used [0x00000000d6c80000,0x00000000d6c80000,0x00000000d6f00000)
 ParOldGen       total 68608K, used 18939K [0x0000000080000000, 0x0000000084300000, 0x00000000d5580000)
  object space 68608K, 27% used [0x0000000080000000,0x000000008127eda8,0x0000000084300000)
 Metaspace       used 37448K, committed 38528K, reserved 1114112K
  class space    used 3977K, committed 4416K, reserved 1048576K
}
Event: 23.424 GC heap before
{Heap before GC invocations=17 (full 2):
 PSYoungGen      total 23040K, used 23037K [0x00000000d5580000, 0x00000000d7180000, 0x0000000100000000)
  eden space 22016K, 100% used [0x00000000d5580000,0x00000000d6b00000,0x00000000d6b00000)
  from space 1024K, 99% used [0x00000000d7080000,0x00000000d717f7c0,0x00000000d7180000)
  to   space 2560K, 0% used [0x00000000d6c80000,0x00000000d6c80000,0x00000000d6f00000)
 ParOldGen       total 68608K, used 18939K [0x0000000080000000, 0x0000000084300000, 0x00000000d5580000)
  object space 68608K, 27% used [0x0000000080000000,0x000000008127eda8,0x0000000084300000)
 Metaspace       used 39879K, committed 40960K, reserved 1114112K
  class space    used 4304K, committed 4736K, reserved 1048576K
}
Event: 23.426 GC heap after
{Heap after GC invocations=17 (full 2):
 PSYoungGen      total 24576K, used 1840K [0x00000000d5580000, 0x00000000d7100000, 0x0000000100000000)
  eden space 22016K, 0% used [0x00000000d5580000,0x00000000d5580000,0x00000000d6b00000)
  from space 2560K, 71% used [0x00000000d6c80000,0x00000000d6e4c010,0x00000000d6f00000)
  to   space 2048K, 0% used [0x00000000d6f00000,0x00000000d6f00000,0x00000000d7100000)
 ParOldGen       total 68608K, used 19921K [0x0000000080000000, 0x0000000084300000, 0x00000000d5580000)
  object space 68608K, 29% used [0x0000000080000000,0x00000000813744b8,0x0000000084300000)
 Metaspace       used 39879K, committed 40960K, reserved 1114112K
  class space    used 4304K, committed 4736K, reserved 1048576K
}

